<?xml version="1.0" encoding="UTF-8"?>
<!-- Generated by org.testng.reporters.JUnitReportReporter -->
<testsuite hostname="BINTERNS-QA25L" failures="0" tests="12" name="tests.Product_Drop_Down_List_Test" time="8.116" errors="1" timestamp="2023-05-12T16:36:56 IST" skipped="11">
  <testcase classname="tests.Product_Drop_Down_List_Test" name="setup1" time="8.115">
    <error message=".\Downloads does not exist" type="java.lang.IllegalArgumentException">
      <![CDATA[java.lang.IllegalArgumentException: .\Downloads does not exist
at org.apache.commons.io.FileUtils.verifiedListFiles(FileUtils.java:1741)
at org.apache.commons.io.FileUtils.cleanDirectory(FileUtils.java:1716)
at tests.Product_Drop_Down_List_Test.setup1(Product_Drop_Down_List_Test.java:42)
at java.base/jdk.internal.reflect.NativeMethodAccessorImpl.invoke0(Native Method)
at java.base/jdk.internal.reflect.NativeMethodAccessorImpl.invoke(NativeMethodAccessorImpl.java:78)
at java.base/jdk.internal.reflect.DelegatingMethodAccessorImpl.invoke(DelegatingMethodAccessorImpl.java:43)
at java.base/java.lang.reflect.Method.invoke(Method.java:567)
at org.testng.internal.invokers.MethodInvocationHelper.invokeMethod(MethodInvocationHelper.java:139)
at org.testng.internal.invokers.MethodInvocationHelper.invokeMethodConsideringTimeout(MethodInvocationHelper.java:69)
at org.testng.internal.invokers.ConfigInvoker.invokeConfigurationMethod(ConfigInvoker.java:361)
at org.testng.internal.invokers.ConfigInvoker.invokeConfigurations(ConfigInvoker.java:296)
at org.testng.internal.invokers.TestMethodWorker.invokeBeforeClassMethods(TestMethodWorker.java:180)
at org.testng.internal.invokers.TestMethodWorker.run(TestMethodWorker.java:122)
at java.base/java.util.ArrayList.forEach(ArrayList.java:1511)
at org.testng.TestRunner.privateRun(TestRunner.java:829)
at org.testng.TestRunner.run(TestRunner.java:602)
at org.testng.SuiteRunner.runTest(SuiteRunner.java:437)
at org.testng.SuiteRunner.runSequentially(SuiteRunner.java:431)
at org.testng.SuiteRunner.privateRun(SuiteRunner.java:391)
at org.testng.SuiteRunner.run(SuiteRunner.java:330)
at org.testng.SuiteRunnerWorker.runSuite(SuiteRunnerWorker.java:52)
at org.testng.SuiteRunnerWorker.run(SuiteRunnerWorker.java:95)
at org.testng.TestNG.runSuitesSequentially(TestNG.java:1256)
at org.testng.TestNG.runSuitesLocally(TestNG.java:1176)
at org.testng.TestNG.runSuites(TestNG.java:1099)
at org.testng.TestNG.run(TestNG.java:1067)
at org.testng.remote.AbstractRemoteTestNG.run(AbstractRemoteTestNG.java:115)
at org.testng.remote.RemoteTestNG.initAndRun(RemoteTestNG.java:251)
at org.testng.remote.RemoteTestNG.main(RemoteTestNG.java:77)
]]>
    </error>
  </testcase> <!-- setup1 -->
  <system-out/>
  <testcase classname="tests.Product_Drop_Down_List_Test" name="Login" time="0.000">
    <skipped/>
  </testcase> <!-- Login -->
  <system-out/>
  <testcase classname="tests.Product_Drop_Down_List_Test" name="Dashboard_Heading" time="0.000">
    <skipped/>
  </testcase> <!-- Dashboard_Heading -->
  <system-out/>
  <testcase classname="tests.Product_Drop_Down_List_Test" name="Catalog_Icon_Click_and_Product_Page" time="0.000">
    <skipped/>
  </testcase> <!-- Catalog_Icon_Click_and_Product_Page -->
  <system-out/>
  <testcase classname="tests.Product_Drop_Down_List_Test" name="Add_New_Product_Button" time="0.000">
    <skipped/>
  </testcase> <!-- Add_New_Product_Button -->
  <system-out/>
  <testcase classname="tests.Product_Drop_Down_List_Test" name="Product_Search_and_Select_Checkbox" time="0.000">
    <skipped/>
  </testcase> <!-- Product_Search_and_Select_Checkbox -->
  <system-out/>
  <testcase classname="tests.Product_Drop_Down_List_Test" name="Product_image_upload" time="0.000">
    <skipped/>
  </testcase> <!-- Product_image_upload -->
  <system-out/>
  <testcase classname="tests.Product_Drop_Down_List_Test" name="Product_updated_successfully" time="0.001">
    <skipped/>
  </testcase> <!-- Product_updated_successfully -->
  <system-out/>
  <testcase classname="tests.Product_Drop_Down_List_Test" name="Catalog_PDF_Download" time="0.000">
    <skipped/>
  </testcase> <!-- Catalog_PDF_Download -->
  <system-out/>
  <testcase classname="tests.Product_Drop_Down_List_Test" name="Export_button" time="0.000">
    <skipped/>
  </testcase> <!-- Export_button -->
  <system-out/>
  <testcase classname="tests.Product_Drop_Down_List_Test" name="Delete_Button" time="0.000">
    <skipped/>
  </testcase> <!-- Delete_Button -->
  <system-out/>
  <testcase classname="tests.Product_Drop_Down_List_Test" name="Log_Out" time="0.000">
    <skipped/>
  </testcase> <!-- Log_Out -->
  <system-out/>
</testsuite> <!-- tests.Product_Drop_Down_List_Test -->
